# JRE version: OpenJDK Runtime Environment Temurin-17.0.6+10 (17.0.6+10) (build 17.0.6+10)
# Java VM: OpenJDK 64-Bit Server VM Temurin-17.0.6+10 (17.0.6+10, mixed mode, tiered, compressed oops, compressed class ptrs, g1 gc, windows-amd64)
GC Precious Log:
 CPUs: 4 total, 4 available
 Memory: 3971M
 Large Page Support: Disabled
 NUMA Support: Disabled
 Compressed Oops: Enabled (32-bit)
 Heap Region Size: 1M
 Heap Min Capacity: 8M
 Heap Initial Capacity: 64M
 Heap Max Capacity: 994M
 Pre-touch: Disabled
 Parallel Workers: 4
 Concurrent Workers: 1
 Concurrent Refinement Workers: 4
 Periodic GC: Disabled
Heap:
 garbage-first heap   total 143360K, used 113044K [0x00000000c1e00000, 0x0000000100000000)
  region size 1024K, 44 young (45056K), 1 survivors (1024K)
 Metaspace       used 161836K, committed 165120K, reserved 1196032K
  class space    used 17049K, committed 18560K, reserved 1048576K
GC Heap History (20 events):
Event: 1976054.151 GC heap before
{Heap before GC invocations=3305 (full 148):
 garbage-first heap   total 143360K, used 125585K [0x00000000c1e00000, 0x0000000100000000)
  region size 1024K, 56 young (57344K), 1 survivors (1024K)
 Metaspace       used 161788K, committed 165056K, reserved 1196032K
  class space    used 17044K, committed 18560K, reserved 1048576K
}
Event: 1976054.331 GC heap after
{Heap after GC invocations=3306 (full 148):
 garbage-first heap   total 143360K, used 69363K [0x00000000c1e00000, 0x0000000100000000)
  region size 1024K, 1 young (1024K), 1 survivors (1024K)
 Metaspace       used 161788K, committed 165056K, reserved 1196032K
  class space    used 17044K, committed 18560K, reserved 1048576K
}
Event: 1976063.850 GC heap before
{Heap before GC invocations=3306 (full 148):
 garbage-first heap   total 143360K, used 125683K [0x00000000c1e00000, 0x0000000100000000)
  region size 1024K, 56 young (57344K), 1 survivors (1024K)
 Metaspace       used 161809K, committed 165120K, reserved 1196032K
  class space    used 17045K, committed 18560K, reserved 1048576K
}
Event: 1976063.883 GC heap after
{Heap after GC invocations=3307 (full 148):
 garbage-first heap   total 143360K, used 69408K [0x00000000c1e00000, 0x0000000100000000)
  region size 1024K, 1 young (1024K), 1 survivors (1024K)
 Metaspace       used 161809K, committed 165120K, reserved 1196032K
  class space    used 17045K, committed 18560K, reserved 1048576K
}
Event: 1976086.694 GC heap before
{Heap before GC invocations=3307 (full 148):
 garbage-first heap   total 143360K, used 125728K [0x00000000c1e00000, 0x0000000100000000)
  region size 1024K, 56 young (57344K), 1 survivors (1024K)
 Metaspace       used 161819K, committed 165120K, reserved 1196032K
  class space    used 17045K, committed 18560K, reserved 1048576K
}
Event: 1976086.779 GC heap after
{Heap after GC invocations=3308 (full 148):
 garbage-first heap   total 143360K, used 69780K [0x00000000c1e00000, 0x0000000100000000)
  region size 1024K, 2 young (2048K), 2 survivors (2048K)
 Metaspace       used 161819K, committed 165120K, reserved 1196032K
  class space    used 17045K, committed 18560K, reserved 1048576K
}
Event: 1976113.815 GC heap before
{Heap before GC invocations=3308 (full 148):
 garbage-first heap   total 143360K, used 124052K [0x00000000c1e00000, 0x0000000100000000)
  region size 1024K, 55 young (56320K), 2 survivors (2048K)
 Metaspace       used 161824K, committed 165120K, reserved 1196032K
  class space    used 17045K, committed 18560K, reserved 1048576K
}
Event: 1976113.863 GC heap after
{Heap after GC invocations=3309 (full 148):
 garbage-first heap   total 143360K, used 69934K [0x00000000c1e00000, 0x0000000100000000)
  region size 1024K, 2 young (2048K), 2 survivors (2048K)
 Metaspace       used 161824K, committed 165120K, reserved 1196032K
  class space    used 17045K, committed 18560K, reserved 1048576K
}
Event: 1976121.656 GC heap before
{Heap before GC invocations=3309 (full 148):
 garbage-first heap   total 143360K, used 123182K [0x00000000c1e00000, 0x0000000100000000)
  region size 1024K, 54 young (55296K), 2 survivors (2048K)
 Metaspace       used 161824K, committed 165120K, reserved 1196032K
  class space    used 17045K, committed 18560K, reserved 1048576K
}
Event: 1976121.670 GC heap after
{Heap after GC invocations=3310 (full 148):
 garbage-first heap   total 143360K, used 69981K [0x00000000c1e00000, 0x0000000100000000)
  region size 1024K, 1 young (1024K), 1 survivors (1024K)
 Metaspace       used 161824K, committed 165120K, reserved 1196032K
  class space    used 17045K, committed 18560K, reserved 1048576K
}
Event: 1976128.468 GC heap before
{Heap before GC invocations=3310 (full 148):
 garbage-first heap   total 143360K, used 125277K [0x00000000c1e00000, 0x0000000100000000)
  region size 1024K, 55 young (56320K), 1 survivors (1024K)
 Metaspace       used 161825K, committed 165120K, reserved 1196032K
  class space    used 17045K, committed 18560K, reserved 1048576K
}
Event: 1976128.473 GC heap after
{Heap after GC invocations=3311 (full 148):
 garbage-first heap   total 143360K, used 69912K [0x00000000c1e00000, 0x0000000100000000)
  region size 1024K, 1 young (1024K), 1 survivors (1024K)
 Metaspace       used 161825K, committed 165120K, reserved 1196032K
  class space    used 17045K, committed 18560K, reserved 1048576K
}
Event: 1976133.832 GC heap before
{Heap before GC invocations=3311 (full 148):
 garbage-first heap   total 143360K, used 125208K [0x00000000c1e00000, 0x0000000100000000)
  region size 1024K, 55 young (56320K), 1 survivors (1024K)
 Metaspace       used 161825K, committed 165120K, reserved 1196032K
  class space    used 17045K, committed 18560K, reserved 1048576K
}
Event: 1976133.836 GC heap after
{Heap after GC invocations=3312 (full 148):
 garbage-first heap   total 143360K, used 69890K [0x00000000c1e00000, 0x0000000100000000)
  region size 1024K, 1 young (1024K), 1 survivors (1024K)
 Metaspace       used 161825K, committed 165120K, reserved 1196032K
  class space    used 17045K, committed 18560K, reserved 1048576K
}
Event: 1976140.499 GC heap before
{Heap before GC invocations=3312 (full 148):
 garbage-first heap   total 143360K, used 125186K [0x00000000c1e00000, 0x0000000100000000)
  region size 1024K, 55 young (56320K), 1 survivors (1024K)
 Metaspace       used 161827K, committed 165120K, reserved 1196032K
  class space    used 17045K, committed 18560K, reserved 1048576K
}
Event: 1976140.512 GC heap after
{Heap after GC invocations=3313 (full 148):
 garbage-first heap   total 143360K, used 69991K [0x00000000c1e00000, 0x0000000100000000)
  region size 1024K, 1 young (1024K), 1 survivors (1024K)
 Metaspace       used 161827K, committed 165120K, reserved 1196032K
  class space    used 17045K, committed 18560K, reserved 1048576K
}
Event: 1976145.141 GC heap before
{Heap before GC invocations=3313 (full 148):
 garbage-first heap   total 143360K, used 125287K [0x00000000c1e00000, 0x0000000100000000)
  region size 1024K, 55 young (56320K), 1 survivors (1024K)
 Metaspace       used 161831K, committed 165120K, reserved 1196032K
  class space    used 17048K, committed 18560K, reserved 1048576K
}
Event: 1976145.148 GC heap after
{Heap after GC invocations=3314 (full 148):
 garbage-first heap   total 143360K, used 69930K [0x00000000c1e00000, 0x0000000100000000)
  region size 1024K, 1 young (1024K), 1 survivors (1024K)
 Metaspace       used 161831K, committed 165120K, reserved 1196032K
  class space    used 17048K, committed 18560K, reserved 1048576K
}
Event: 1976149.127 GC heap before
{Heap before GC invocations=3314 (full 148):
 garbage-first heap   total 143360K, used 125226K [0x00000000c1e00000, 0x0000000100000000)
  region size 1024K, 55 young (56320K), 1 survivors (1024K)
 Metaspace       used 161836K, committed 165120K, reserved 1196032K
  class space    used 17049K, committed 18560K, reserved 1048576K
}
Event: 1976149.131 GC heap after
{Heap after GC invocations=3315 (full 148):
 garbage-first heap   total 143360K, used 70036K [0x00000000c1e00000, 0x0000000100000000)
  region size 1024K, 1 young (1024K), 1 survivors (1024K)
 Metaspace       used 161836K, committed 165120K, reserved 1196032K
  class space    used 17049K, committed 18560K, reserved 1048576K
}

